<?xml version="1.0" encoding="UTF-8"?>
<!-- Generated by org.testng.reporters.JUnitXMLReporter -->
<testsuite hostname="Nallans-NewPC" ignored="0" name="HomePageTest" tests="3" failures="0" timestamp="08 Mar 2018 23:41:48 GMT" time="23.208" errors="0">
  <testcase name="verifySiteTitleTest" time="0.149" classname="com.guru99.qa.TestCases.HomePageTest"/>
  <testcase name="ClickOnMobileTest" time="0.628" classname="com.guru99.qa.TestCases.HomePageTest"/>
  <testcase name="ClickOnTvLinkTest" time="0.394" classname="com.guru99.qa.TestCases.HomePageTest"/>
</testsuite> <!-- HomePageTest -->
