<?xml version="1.0" encoding="UTF-8"?>
<!-- Generated by org.testng.reporters.JUnitXMLReporter -->
<testsuite hostname="Nallans-NewPC" ignored="0" name="MyWishlistPageTest" tests="2" failures="0" timestamp="08 Mar 2018 23:43:53 GMT" time="20.189" errors="0">
  <testcase name="verifyPageTitleTest" time="0.004" classname="com.guru99.qa.TestCases.MyWishlistPageTest"/>
  <testcase name="ClickOnShareWishListTest" time="0.439" classname="com.guru99.qa.TestCases.MyWishlistPageTest"/>
</testsuite> <!-- MyWishlistPageTest -->
