<?xml version="1.0" encoding="UTF-8"?>
<!-- Generated by org.testng.reporters.JUnitXMLReporter -->
<testsuite hostname="Nallans-NewPC" ignored="2" name="OrderNumberPageTest" tests="1" failures="0" timestamp="08 Mar 2018 23:44:05 GMT" time="12.216" errors="0">
  <testcase name="ClickOnPrintOrderTest" time="0.426" classname="com.guru99.qa.TestCases.OrderNumberPageTest"/>
  <testcase name="verifyPageTitleTest" time="0.0" classname="com.guru99.qa.TestCases.OrderNumberPageTest">
    <ignored/>
  </testcase> <!-- verifyPageTitleTest -->
  <testcase name="verifyPageHeaderTest" time="0.0" classname="com.guru99.qa.TestCases.OrderNumberPageTest">
    <ignored/>
  </testcase> <!-- verifyPageHeaderTest -->
</testsuite> <!-- OrderNumberPageTest -->
