<?xml version="1.0" encoding="UTF-8"?>
<!-- Generated by org.testng.reporters.JUnitXMLReporter -->
<testsuite hostname="Nallans-NewPC" ignored="0" name="ShoppingCartTest" tests="4" failures="0" timestamp="08 Mar 2018 23:44:49 GMT" time="44.425" errors="0">
  <testcase name="verifyPageTitleTest" time="0.004" classname="com.guru99.qa.TestCases.ShoppingCartTest"/>
  <testcase name="ClickOnProceedToCheckOutTest" time="0.485" classname="com.guru99.qa.TestCases.ShoppingCartTest"/>
  <testcase name="ClickAndUpdateQtyFieldTest" time="0.666" classname="com.guru99.qa.TestCases.ShoppingCartTest"/>
  <testcase name="verifyTotalPriceTest" time="0.053" classname="com.guru99.qa.TestCases.ShoppingCartTest"/>
</testsuite> <!-- ShoppingCartTest -->
