<?xml version="1.0" encoding="UTF-8"?>
<!-- Generated by org.testng.reporters.JUnitXMLReporter -->
<testsuite hostname="Nallans-NewPC" ignored="0" name="SonyDetailedPageTest" tests="3" failures="0" timestamp="08 Mar 2018 23:45:46 GMT" time="28.071" errors="0">
  <testcase name="PageTitleTest" time="0.005" classname="com.guru99.qa.TestCases.SonyDetailedPageTest"/>
  <testcase name="verifySonyCostTest" time="0.185" classname="com.guru99.qa.TestCases.SonyDetailedPageTest"/>
  <testcase name="CompareSonyCostTest" time="0.219" classname="com.guru99.qa.TestCases.SonyDetailedPageTest"/>
</testsuite> <!-- SonyDetailedPageTest -->
