<?xml version="1.0" encoding="UTF-8"?>
<!-- Generated by org.testng.reporters.JUnitXMLReporter -->
<testsuite hostname="Nallans-NewPC" ignored="0" name="WishlistSharingPageTest" tests="2" failures="0" timestamp="08 Mar 2018 23:46:24 GMT" time="21.719" errors="0">
  <testcase name="verifyPageTitleTest" time="0.003" classname="com.guru99.qa.TestCases.WishlistSharingPageTest"/>
  <testcase name="EnterValuesAndClickTest" time="0.546" classname="com.guru99.qa.TestCases.WishlistSharingPageTest"/>
</testsuite> <!-- WishlistSharingPageTest -->
