<?xml version="1.0" encoding="UTF-8"?>
<!-- Generated by org.testng.reporters.JUnitXMLReporter -->
<testsuite hostname="Nallans-NewPC" ignored="0" name="Default test" tests="2" failures="0" timestamp="08 Mar 2018 23:18:49 GMT" time="24.253" errors="0">
  <testcase name="verifyPageTitleTest" time="0.018" classname="com.guru99.qa.TestCases.WishlistSharingPageTest"/>
  <testcase name="EnterValuesAndClickTest" time="0.657" classname="com.guru99.qa.TestCases.WishlistSharingPageTest"/>
</testsuite> <!-- Default test -->
