<?xml version="1.0" encoding="UTF-8"?>
<!-- Generated by org.testng.reporters.JUnitXMLReporter -->
<testsuite hostname="Nallans-NewPC" ignored="1" name="CheckOutPageTest" tests="1" failures="0" timestamp="08 Mar 2018 23:26:44 GMT" time="18.173" errors="0">
  <testcase name="EnterValuesTest" time="2.382" classname="com.guru99.qa.TestCases.CheckOutPageTest"/>
  <testcase name="verifyPageTitleTest" time="0.0" classname="com.guru99.qa.TestCases.CheckOutPageTest">
    <ignored/>
  </testcase> <!-- verifyPageTitleTest -->
</testsuite> <!-- CheckOutPageTest -->
