<?xml version="1.0" encoding="UTF-8"?>
<!-- Generated by org.testng.reporters.JUnitXMLReporter -->
<testsuite hostname="Nallans-NewPC" ignored="1" name="CreateNewCustomerAcctTest" tests="1" failures="0" timestamp="08 Mar 2018 23:26:53 GMT" time="9.114" errors="0">
  <testcase name="verifyCreateNewCustomerAcctTitleTest" time="0.012" classname="com.guru99.qa.TestCases.CreateNewCustomerAcctTest"/>
  <testcase name="ValidRegistrationTest" time="0.0" classname="com.guru99.qa.TestCases.CreateNewCustomerAcctTest">
    <ignored/>
  </testcase> <!-- ValidRegistrationTest -->
</testsuite> <!-- CreateNewCustomerAcctTest -->
