<?xml version="1.0" encoding="UTF-8"?>
<!-- Generated by org.testng.reporters.JUnitXMLReporter -->
<testsuite hostname="Nallans-NewPC" ignored="1" name="CustomerLoginTest" tests="2" failures="0" timestamp="08 Mar 2018 23:27:11 GMT" time="17.715" errors="0">
  <testcase name="verifyCustomerLoginHeaderTest" time="0.037" classname="com.guru99.qa.TestCases.CustomerLoginTest"/>
  <testcase name="LoginTest" time="1.382" classname="com.guru99.qa.TestCases.CustomerLoginTest"/>
  <testcase name="ClickOnCreateAcctBtnTest" time="0.0" classname="com.guru99.qa.TestCases.CustomerLoginTest">
    <ignored/>
  </testcase> <!-- ClickOnCreateAcctBtnTest -->
</testsuite> <!-- CustomerLoginTest -->
