<?xml version="1.0" encoding="UTF-8"?>
<!-- Generated by org.testng.reporters.JUnitXMLReporter -->
<testsuite hostname="Nallans-NewPC" ignored="0" name="MobilePageTest" tests="6" failures="0" timestamp="08 Mar 2018 23:28:19 GMT" time="47.891" errors="0">
  <testcase name="verifyMobilePageTitleTest" time="0.133" classname="com.guru99.qa.TestCases.MobilePageTest"/>
  <testcase name="DropDowntest" time="0.566" classname="com.guru99.qa.TestCases.MobilePageTest"/>
  <testcase name="verifySonyMobileCostTest" time="0.13" classname="com.guru99.qa.TestCases.MobilePageTest"/>
  <testcase name="ClickOnSonyTest" time="1.054" classname="com.guru99.qa.TestCases.MobilePageTest"/>
  <testcase name="ClickOnSonyAddToCartBtnTest" time="0.723" classname="com.guru99.qa.TestCases.MobilePageTest"/>
  <testcase name="ComparePricesTest" time="1.588" classname="com.guru99.qa.TestCases.MobilePageTest"/>
</testsuite> <!-- MobilePageTest -->
