<?xml version="1.0" encoding="UTF-8"?>
<!-- Generated by org.testng.reporters.JUnitXMLReporter -->
<testsuite hostname="Nallans-NewPC" ignored="0" name="MyOrderPageTest" tests="2" failures="0" timestamp="08 Mar 2018 23:29:09 GMT" time="19.807" errors="0">
  <testcase name="verifyPageTitleTest" time="0.007" classname="com.guru99.qa.TestCases.MyOrderPageTest"/>
  <testcase name="ClickOnViewOrderLinkTest" time="0.358" classname="com.guru99.qa.TestCases.MyOrderPageTest"/>
</testsuite> <!-- MyOrderPageTest -->
