<?xml version="1.0" encoding="UTF-8"?>
<!-- Generated by org.testng.reporters.JUnitXMLReporter -->
<testsuite hostname="Nallans-NewPC" ignored="0" name="ShoppingCartTest" tests="4" failures="0" timestamp="08 Mar 2018 23:32:15 GMT" time="45.64" errors="0">
  <testcase name="verifyPageTitleTest" time="0.005" classname="com.guru99.qa.TestCases.ShoppingCartTest"/>
  <testcase name="ClickOnProceedToCheckOutTest" time="0.677" classname="com.guru99.qa.TestCases.ShoppingCartTest"/>
  <testcase name="ClickAndUpdateQtyFieldTest" time="0.663" classname="com.guru99.qa.TestCases.ShoppingCartTest"/>
  <testcase name="verifyTotalPriceTest" time="0.038" classname="com.guru99.qa.TestCases.ShoppingCartTest"/>
</testsuite> <!-- ShoppingCartTest -->
