<?xml version="1.0" encoding="UTF-8"?>
<!-- Generated by org.testng.reporters.JUnitXMLReporter -->
<testsuite hostname="Nallans-NewPC" ignored="0" name="SonyCheckOutTest" tests="3" failures="0" timestamp="08 Mar 2018 23:32:44 GMT" time="29.335" errors="0">
  <testcase name="verifySonyCheckOutPageTitleTest" time="0.005" classname="com.guru99.qa.TestCases.SonyCheckOutTest"/>
  <testcase name="verifyErrorMsgTest" time="1.434" classname="com.guru99.qa.TestCases.SonyCheckOutTest"/>
  <testcase name="verifyEmptyCartMsgTest" time="0.503" classname="com.guru99.qa.TestCases.SonyCheckOutTest"/>
</testsuite> <!-- SonyCheckOutTest -->
