<?xml version="1.0" encoding="UTF-8"?>
<!-- Generated by org.testng.reporters.JUnitXMLReporter -->
<testsuite hostname="Nallans-NewPC" ignored="0" name="SonyDetailedPageTest" tests="3" failures="0" timestamp="08 Mar 2018 23:33:11 GMT" time="26.646" errors="0">
  <testcase name="PageTitleTest" time="0.004" classname="com.guru99.qa.TestCases.SonyDetailedPageTest"/>
  <testcase name="verifySonyCostTest" time="0.216" classname="com.guru99.qa.TestCases.SonyDetailedPageTest"/>
  <testcase name="CompareSonyCostTest" time="0.215" classname="com.guru99.qa.TestCases.SonyDetailedPageTest"/>
</testsuite> <!-- SonyDetailedPageTest -->
