<?xml version="1.0" encoding="UTF-8"?>
<testng-results skipped="0" failed="0" ignored="0" total="1" passed="1">
  <reporter-output>
    <line>
      <![CDATA[<br><img src=C:\Selenium_Projects\ECommerceApplicationheight-'400' width-'400'/><br>]]>
    </line>
  </reporter-output>
  <suite name="Default suite" duration-ms="13843" started-at="2018-03-10T00:36:39Z" finished-at="2018-03-10T00:36:53Z">
    <groups>
    </groups>
    <test name="Default test" duration-ms="13843" started-at="2018-03-10T00:36:39Z" finished-at="2018-03-10T00:36:53Z">
      <class name="com.guru99.qa.TestCases.ChangeOrReorderTest">
        <test-method status="PASS" signature="setExtent()[pri:0, instance:com.guru99.qa.TestCases.ChangeOrReorderTest@66a3ffec]" name="setExtent" is-config="true" duration-ms="109" started-at="2018-03-09T18:36:39Z" finished-at="2018-03-09T18:36:39Z">
          <reporter-output>
          </reporter-output>
        </test-method> <!-- setExtent -->
        <test-method status="PASS" signature="setUp()[pri:0, instance:com.guru99.qa.TestCases.ChangeOrReorderTest@66a3ffec]" name="setUp" is-config="true" duration-ms="13681" started-at="2018-03-09T18:36:39Z" finished-at="2018-03-09T18:36:53Z">
          <reporter-output>
            <line>
              <![CDATA[<br><img src=C:\Selenium_Projects\ECommerceApplicationheight-'400' width-'400'/><br>]]>
            </line>
          </reporter-output>
        </test-method> <!-- setUp -->
        <test-method status="PASS" signature="verifyTitle()[pri:0, instance:com.guru99.qa.TestCases.ChangeOrReorderTest@66a3ffec]" name="verifyTitle" duration-ms="10" started-at="2018-03-09T18:36:53Z" finished-at="2018-03-09T18:36:53Z">
          <reporter-output>
          </reporter-output>
        </test-method> <!-- verifyTitle -->
        <test-method status="PASS" signature="setResults(org.testng.ITestResult)[pri:0, instance:com.guru99.qa.TestCases.ChangeOrReorderTest@66a3ffec]" name="setResults" is-config="true" duration-ms="140" started-at="2018-03-09T18:36:53Z" finished-at="2018-03-09T18:36:53Z">
          <params>
            <param index="0">
              <value>
                <![CDATA[[TestResult name=verifyTitle status=SUCCESS method=ChangeOrReorderTest.verifyTitle()[pri:0, instance:com.guru99.qa.TestCases.ChangeOrReorderTest@66a3ffec] output={null}]]]>
              </value>
            </param>
          </params>
          <reporter-output>
          </reporter-output>
        </test-method> <!-- setResults -->
        <test-method status="PASS" signature="endReport()[pri:0, instance:com.guru99.qa.TestCases.ChangeOrReorderTest@66a3ffec]" name="endReport" is-config="true" duration-ms="238" started-at="2018-03-09T18:36:53Z" finished-at="2018-03-09T18:36:53Z">
          <reporter-output>
          </reporter-output>
        </test-method> <!-- endReport -->
      </class> <!-- com.guru99.qa.TestCases.ChangeOrReorderTest -->
    </test> <!-- Default test -->
  </suite> <!-- Default suite -->
</testng-results>
